{"G:\\ApplianceManager\\appliance-manager\\src\\App.js": {"path":"G:\\ApplianceManager\\appliance-manager\\src\\App.js","statementMap":{"0":{"start":{"line":8,"column":12},"end":{"line":21,"column":1}},"1":{"start":{"line":9,"column":18},"end":{"line":9,"column":31}},"2":{"start":{"line":10,"column":1},"end":{"line":12,"column":16}},"3":{"start":{"line":11,"column":2},"end":{"line":11,"column":34}},"4":{"start":{"line":13,"column":1},"end":{"line":15,"column":16}},"5":{"start":{"line":14,"column":2},"end":{"line":14,"column":29}},"6":{"start":{"line":16,"column":1},"end":{"line":20,"column":3}}},"fnMap":{"0":{"name":"(anonymous_0)","decl":{"start":{"line":8,"column":12},"end":{"line":8,"column":13}},"loc":{"start":{"line":8,"column":18},"end":{"line":21,"column":1}},"line":8},"1":{"name":"(anonymous_1)","decl":{"start":{"line":10,"column":11},"end":{"line":10,"column":12}},"loc":{"start":{"line":10,"column":17},"end":{"line":12,"column":2}},"line":10},"2":{"name":"(anonymous_2)","decl":{"start":{"line":13,"column":11},"end":{"line":13,"column":12}},"loc":{"start":{"line":13,"column":17},"end":{"line":15,"column":2}},"line":13}},"branchMap":{},"s":{"0":0,"1":0,"2":0,"3":0,"4":0,"5":0,"6":0},"f":{"0":0,"1":0,"2":0},"b":{}}
,"G:\\ApplianceManager\\appliance-manager\\src\\index.js": {"path":"G:\\ApplianceManager\\appliance-manager\\src\\index.js","statementMap":{"0":{"start":{"line":10,"column":13},"end":{"line":10,"column":65}},"1":{"start":{"line":11,"column":0},"end":{"line":17,"column":2}},"2":{"start":{"line":19,"column":0},"end":{"line":19,"column":18}}},"fnMap":{},"branchMap":{},"s":{"0":0,"1":0,"2":0},"f":{},"b":{}}
,"G:\\ApplianceManager\\appliance-manager\\src\\reportWebVitals.js": {"path":"G:\\ApplianceManager\\appliance-manager\\src\\reportWebVitals.js","statementMap":{"0":{"start":{"line":1,"column":24},"end":{"line":11,"column":1}},"1":{"start":{"line":2,"column":1},"end":{"line":10,"column":2}},"2":{"start":{"line":3,"column":2},"end":{"line":9,"column":5}},"3":{"start":{"line":4,"column":3},"end":{"line":4,"column":23}},"4":{"start":{"line":5,"column":3},"end":{"line":5,"column":23}},"5":{"start":{"line":6,"column":3},"end":{"line":6,"column":23}},"6":{"start":{"line":7,"column":3},"end":{"line":7,"column":23}},"7":{"start":{"line":8,"column":3},"end":{"line":8,"column":24}}},"fnMap":{"0":{"name":"(anonymous_0)","decl":{"start":{"line":1,"column":24},"end":{"line":1,"column":25}},"loc":{"start":{"line":1,"column":39},"end":{"line":11,"column":1}},"line":1},"1":{"name":"(anonymous_1)","decl":{"start":{"line":3,"column":28},"end":{"line":3,"column":29}},"loc":{"start":{"line":3,"column":77},"end":{"line":9,"column":3}},"line":3}},"branchMap":{"0":{"loc":{"start":{"line":2,"column":1},"end":{"line":10,"column":2}},"type":"if","locations":[{"start":{"line":2,"column":1},"end":{"line":10,"column":2}},{"start":{},"end":{}}],"line":2},"1":{"loc":{"start":{"line":2,"column":5},"end":{"line":2,"column":51}},"type":"binary-expr","locations":[{"start":{"line":2,"column":5},"end":{"line":2,"column":16}},{"start":{"line":2,"column":20},"end":{"line":2,"column":51}}],"line":2}},"s":{"0":0,"1":0,"2":0,"3":0,"4":0,"5":0,"6":0,"7":0},"f":{"0":0,"1":0},"b":{"0":[0,0],"1":[0,0]}}
,"G:\\ApplianceManager\\appliance-manager\\src\\setupTests.js": {"path":"G:\\ApplianceManager\\appliance-manager\\src\\setupTests.js","statementMap":{},"fnMap":{},"branchMap":{},"s":{},"f":{},"b":{}}
,"G:\\ApplianceManager\\appliance-manager\\src\\components\\appliances\\index.js": {"path":"G:\\ApplianceManager\\appliance-manager\\src\\components\\appliances\\index.js","statementMap":{"0":{"start":{"line":13,"column":22},"end":{"line":13,"column":50}},"1":{"start":{"line":14,"column":33},"end":{"line":14,"column":72}},"2":{"start":{"line":15,"column":29},"end":{"line":15,"column":62}},"3":{"start":{"line":16,"column":1},"end":{"line":18,"column":31}},"4":{"start":{"line":17,"column":2},"end":{"line":17,"column":37}},"5":{"start":{"line":19,"column":18},"end":{"line":19,"column":31}},"6":{"start":{"line":20,"column":32},"end":{"line":23,"column":2}},"7":{"start":{"line":21,"column":2},"end":{"line":21,"column":27}},"8":{"start":{"line":22,"column":2},"end":{"line":22,"column":70}},"9":{"start":{"line":24,"column":23},"end":{"line":29,"column":2}},"10":{"start":{"line":25,"column":15},"end":{"line":27,"column":3}},"11":{"start":{"line":28,"column":2},"end":{"line":28,"column":38}},"12":{"start":{"line":30,"column":1},"end":{"line":73,"column":3}},"13":{"start":{"line":33,"column":4},"end":{"line":62,"column":10}},"14":{"start":{"line":39,"column":20},"end":{"line":39,"column":57}}},"fnMap":{"0":{"name":"Appliances","decl":{"start":{"line":12,"column":9},"end":{"line":12,"column":19}},"loc":{"start":{"line":12,"column":36},"end":{"line":74,"column":1}},"line":12},"1":{"name":"(anonymous_1)","decl":{"start":{"line":16,"column":11},"end":{"line":16,"column":12}},"loc":{"start":{"line":16,"column":17},"end":{"line":18,"column":2}},"line":16},"2":{"name":"(anonymous_2)","decl":{"start":{"line":20,"column":32},"end":{"line":20,"column":33}},"loc":{"start":{"line":20,"column":48},"end":{"line":23,"column":2}},"line":20},"3":{"name":"(anonymous_3)","decl":{"start":{"line":24,"column":23},"end":{"line":24,"column":24}},"loc":{"start":{"line":24,"column":29},"end":{"line":29,"column":2}},"line":24},"4":{"name":"(anonymous_4)","decl":{"start":{"line":32,"column":19},"end":{"line":32,"column":20}},"loc":{"start":{"line":33,"column":4},"end":{"line":62,"column":10}},"line":33},"5":{"name":"(anonymous_5)","decl":{"start":{"line":39,"column":14},"end":{"line":39,"column":15}},"loc":{"start":{"line":39,"column":20},"end":{"line":39,"column":57}},"line":39}},"branchMap":{"0":{"loc":{"start":{"line":35,"column":6},"end":{"line":37,"column":32}},"type":"cond-expr","locations":[{"start":{"line":36,"column":9},"end":{"line":36,"column":41}},{"start":{"line":37,"column":9},"end":{"line":37,"column":32}}],"line":35}},"s":{"0":6,"1":6,"2":6,"3":6,"4":6,"5":6,"6":6,"7":0,"8":0,"9":6,"10":0,"11":0,"12":6,"13":2,"14":0},"f":{"0":6,"1":6,"2":0,"3":0,"4":2,"5":0},"b":{"0":[2,0]},"_coverageSchema":"1a1c01bbd47fc00a2c39e90264f33305004495a9","hash":"d6420738442b7530a7665dd9c22ff0779eed2c0d"}
,"G:\\ApplianceManager\\appliance-manager\\src\\components\\card\\index.js": {"path":"G:\\ApplianceManager\\appliance-manager\\src\\components\\card\\index.js","statementMap":{"0":{"start":{"line":11,"column":25},"end":{"line":11,"column":40}},"1":{"start":{"line":12,"column":25},"end":{"line":12,"column":40}},"2":{"start":{"line":13,"column":18},"end":{"line":13,"column":31}},"3":{"start":{"line":14,"column":21},"end":{"line":16,"column":2}},"4":{"start":{"line":15,"column":2},"end":{"line":15,"column":17}},"5":{"start":{"line":17,"column":20},"end":{"line":19,"column":2}},"6":{"start":{"line":18,"column":2},"end":{"line":18,"column":25}},"7":{"start":{"line":18,"column":18},"end":{"line":18,"column":23}},"8":{"start":{"line":20,"column":22},"end":{"line":22,"column":2}},"9":{"start":{"line":21,"column":2},"end":{"line":21,"column":51}},"10":{"start":{"line":23,"column":1},"end":{"line":74,"column":3}},"11":{"start":{"line":63,"column":9},"end":{"line":66,"column":15}}},"fnMap":{"0":{"name":"Card","decl":{"start":{"line":10,"column":9},"end":{"line":10,"column":13}},"loc":{"start":{"line":10,"column":31},"end":{"line":75,"column":1}},"line":10},"1":{"name":"(anonymous_1)","decl":{"start":{"line":14,"column":21},"end":{"line":14,"column":22}},"loc":{"start":{"line":14,"column":27},"end":{"line":16,"column":2}},"line":14},"2":{"name":"(anonymous_2)","decl":{"start":{"line":17,"column":20},"end":{"line":17,"column":21}},"loc":{"start":{"line":17,"column":26},"end":{"line":19,"column":2}},"line":17},"3":{"name":"(anonymous_3)","decl":{"start":{"line":18,"column":10},"end":{"line":18,"column":11}},"loc":{"start":{"line":18,"column":18},"end":{"line":18,"column":23}},"line":18},"4":{"name":"(anonymous_4)","decl":{"start":{"line":20,"column":22},"end":{"line":20,"column":23}},"loc":{"start":{"line":20,"column":28},"end":{"line":22,"column":2}},"line":20},"5":{"name":"(anonymous_5)","decl":{"start":{"line":62,"column":38},"end":{"line":62,"column":39}},"loc":{"start":{"line":63,"column":9},"end":{"line":66,"column":15}},"line":63}},"branchMap":{"0":{"loc":{"start":{"line":48,"column":7},"end":{"line":69,"column":7}},"type":"cond-expr","locations":[{"start":{"line":49,"column":7},"end":{"line":51,"column":13}},{"start":{"line":53,"column":7},"end":{"line":68,"column":13}}],"line":48}},"s":{"0":12,"1":12,"2":12,"3":12,"4":0,"5":12,"6":0,"7":0,"8":12,"9":0,"10":12,"11":24},"f":{"0":12,"1":0,"2":0,"3":0,"4":0,"5":24},"b":{"0":[0,12]},"_coverageSchema":"1a1c01bbd47fc00a2c39e90264f33305004495a9","hash":"70b37fbf2662991050f72983c9346eaa086ff7fb"}
,"G:\\ApplianceManager\\appliance-manager\\src\\components\\checkbox\\index.js": {"path":"G:\\ApplianceManager\\appliance-manager\\src\\components\\checkbox\\index.js","statementMap":{"0":{"start":{"line":4,"column":25},"end":{"line":4,"column":44}},"1":{"start":{"line":5,"column":22},"end":{"line":7,"column":2}},"2":{"start":{"line":6,"column":2},"end":{"line":6,"column":25}},"3":{"start":{"line":6,"column":18},"end":{"line":6,"column":23}},"4":{"start":{"line":8,"column":1},"end":{"line":18,"column":3}}},"fnMap":{"0":{"name":"Checkbox","decl":{"start":{"line":3,"column":9},"end":{"line":3,"column":17}},"loc":{"start":{"line":3,"column":37},"end":{"line":19,"column":1}},"line":3},"1":{"name":"(anonymous_1)","decl":{"start":{"line":5,"column":22},"end":{"line":5,"column":23}},"loc":{"start":{"line":5,"column":31},"end":{"line":7,"column":2}},"line":5},"2":{"name":"(anonymous_2)","decl":{"start":{"line":6,"column":10},"end":{"line":6,"column":11}},"loc":{"start":{"line":6,"column":18},"end":{"line":6,"column":23}},"line":6}},"branchMap":{"0":{"loc":{"start":{"line":16,"column":12},"end":{"line":16,"column":31}},"type":"cond-expr","locations":[{"start":{"line":16,"column":19},"end":{"line":16,"column":23}},{"start":{"line":16,"column":26},"end":{"line":16,"column":31}}],"line":16}},"s":{"0":13,"1":13,"2":0,"3":0,"4":13},"f":{"0":13,"1":0,"2":0},"b":{"0":[12,1]},"_coverageSchema":"1a1c01bbd47fc00a2c39e90264f33305004495a9","hash":"cca4be22f53772f5cb14671378187ba911a47809"}
,"G:\\ApplianceManager\\appliance-manager\\src\\components\\form\\index.js": {"path":"G:\\ApplianceManager\\appliance-manager\\src\\components\\form\\index.js","statementMap":{"0":{"start":{"line":9,"column":1},"end":{"line":9,"column":20}},"1":{"start":{"line":10,"column":18},"end":{"line":10,"column":31}},"2":{"start":{"line":16,"column":5},"end":{"line":16,"column":14}},"3":{"start":{"line":17,"column":18},"end":{"line":24,"column":2}},"4":{"start":{"line":18,"column":18},"end":{"line":21,"column":3}},"5":{"start":{"line":22,"column":2},"end":{"line":22,"column":42}},"6":{"start":{"line":23,"column":2},"end":{"line":23,"column":17}},"7":{"start":{"line":26,"column":19},"end":{"line":78,"column":2}},"8":{"start":{"line":27,"column":2},"end":{"line":77,"column":3}},"9":{"start":{"line":28,"column":3},"end":{"line":45,"column":5}},"10":{"start":{"line":36,"column":8},"end":{"line":40,"column":10}},"11":{"start":{"line":46,"column":9},"end":{"line":77,"column":3}},"12":{"start":{"line":47,"column":3},"end":{"line":60,"column":5}},"13":{"start":{"line":61,"column":9},"end":{"line":77,"column":3}},"14":{"start":{"line":62,"column":3},"end":{"line":76,"column":5}},"15":{"start":{"line":79,"column":1},"end":{"line":110,"column":3}},"16":{"start":{"line":93,"column":5},"end":{"line":93,"column":52}}},"fnMap":{"0":{"name":"Form","decl":{"start":{"line":8,"column":9},"end":{"line":8,"column":13}},"loc":{"start":{"line":8,"column":39},"end":{"line":111,"column":1}},"line":8},"1":{"name":"(anonymous_1)","decl":{"start":{"line":17,"column":18},"end":{"line":17,"column":19}},"loc":{"start":{"line":17,"column":26},"end":{"line":24,"column":2}},"line":17},"2":{"name":"(anonymous_2)","decl":{"start":{"line":26,"column":19},"end":{"line":26,"column":20}},"loc":{"start":{"line":26,"column":26},"end":{"line":78,"column":2}},"line":26},"3":{"name":"(anonymous_3)","decl":{"start":{"line":35,"column":24},"end":{"line":35,"column":25}},"loc":{"start":{"line":35,"column":37},"end":{"line":41,"column":8}},"line":35},"4":{"name":"(anonymous_4)","decl":{"start":{"line":92,"column":28},"end":{"line":92,"column":29}},"loc":{"start":{"line":92,"column":44},"end":{"line":94,"column":5}},"line":92}},"branchMap":{"0":{"loc":{"start":{"line":27,"column":2},"end":{"line":77,"column":3}},"type":"if","locations":[{"start":{"line":27,"column":2},"end":{"line":77,"column":3}},{"start":{"line":46,"column":9},"end":{"line":77,"column":3}}],"line":27},"1":{"loc":{"start":{"line":46,"column":9},"end":{"line":77,"column":3}},"type":"if","locations":[{"start":{"line":46,"column":9},"end":{"line":77,"column":3}},{"start":{"line":61,"column":9},"end":{"line":77,"column":3}}],"line":46},"2":{"loc":{"start":{"line":61,"column":9},"end":{"line":77,"column":3}},"type":"if","locations":[{"start":{"line":61,"column":9},"end":{"line":77,"column":3}},{"start":{},"end":{}}],"line":61},"3":{"loc":{"start":{"line":82,"column":5},"end":{"line":91,"column":5}},"type":"binary-expr","locations":[{"start":{"line":82,"column":5},"end":{"line":82,"column":19}},{"start":{"line":83,"column":5},"end":{"line":90,"column":11}}],"line":82}},"s":{"0":12,"1":12,"2":12,"3":12,"4":0,"5":0,"6":0,"7":12,"8":36,"9":12,"10":24,"11":24,"12":12,"13":12,"14":12,"15":12,"16":36},"f":{"0":12,"1":0,"2":36,"3":24,"4":36},"b":{"0":[12,24],"1":[12,12],"2":[12,0],"3":[12,12]},"_coverageSchema":"1a1c01bbd47fc00a2c39e90264f33305004495a9","hash":"924db2048641815d7536cb5e1de3d4fec29b2aa4"}
,"G:\\ApplianceManager\\appliance-manager\\src\\components\\navbar\\index.js": {"path":"G:\\ApplianceManager\\appliance-manager\\src\\components\\navbar\\index.js","statementMap":{"0":{"start":{"line":4,"column":1},"end":{"line":10,"column":3}}},"fnMap":{"0":{"name":"Navbar","decl":{"start":{"line":3,"column":16},"end":{"line":3,"column":22}},"loc":{"start":{"line":3,"column":30},"end":{"line":11,"column":1}},"line":3}},"branchMap":{},"s":{"0":6},"f":{"0":6},"b":{},"_coverageSchema":"1a1c01bbd47fc00a2c39e90264f33305004495a9","hash":"31564419f08dc653c0dca36d78400093378e10f1"}
,"G:\\ApplianceManager\\appliance-manager\\src\\components\\rooms\\index.js": {"path":"G:\\ApplianceManager\\appliance-manager\\src\\components\\rooms\\index.js","statementMap":{"0":{"start":{"line":7,"column":29},"end":{"line":9,"column":2}},"1":{"start":{"line":10,"column":18},"end":{"line":10,"column":31}},"2":{"start":{"line":11,"column":26},"end":{"line":14,"column":2}},"3":{"start":{"line":12,"column":2},"end":{"line":12,"column":36}},"4":{"start":{"line":13,"column":2},"end":{"line":13,"column":35}},"5":{"start":{"line":15,"column":1},"end":{"line":35,"column":3}},"6":{"start":{"line":19,"column":5},"end":{"line":31,"column":14}},"7":{"start":{"line":27,"column":20},"end":{"line":27,"column":44}}},"fnMap":{"0":{"name":"Rooms","decl":{"start":{"line":6,"column":9},"end":{"line":6,"column":14}},"loc":{"start":{"line":6,"column":26},"end":{"line":36,"column":1}},"line":6},"1":{"name":"(anonymous_1)","decl":{"start":{"line":11,"column":26},"end":{"line":11,"column":27}},"loc":{"start":{"line":11,"column":38},"end":{"line":14,"column":2}},"line":11},"2":{"name":"(anonymous_2)","decl":{"start":{"line":18,"column":15},"end":{"line":18,"column":16}},"loc":{"start":{"line":19,"column":5},"end":{"line":31,"column":14}},"line":19},"3":{"name":"(anonymous_3)","decl":{"start":{"line":27,"column":15},"end":{"line":27,"column":16}},"loc":{"start":{"line":27,"column":20},"end":{"line":27,"column":44}},"line":27}},"branchMap":{"0":{"loc":{"start":{"line":23,"column":7},"end":{"line":25,"column":37}},"type":"cond-expr","locations":[{"start":{"line":24,"column":10},"end":{"line":24,"column":35}},{"start":{"line":25,"column":10},"end":{"line":25,"column":37}}],"line":23}},"s":{"0":9,"1":9,"2":9,"3":0,"4":0,"5":9,"6":20,"7":0},"f":{"0":9,"1":0,"2":20,"3":0},"b":{"0":[0,20]},"_coverageSchema":"1a1c01bbd47fc00a2c39e90264f33305004495a9","hash":"5903b1dc4f2685dac1b3eec51cf0834f16481e05"}
,"G:\\ApplianceManager\\appliance-manager\\src\\components\\temperature\\index.js": {"path":"G:\\ApplianceManager\\appliance-manager\\src\\components\\temperature\\index.js","statementMap":{"0":{"start":{"line":6,"column":39},"end":{"line":6,"column":54}},"1":{"start":{"line":7,"column":1},"end":{"line":7,"column":34}},"2":{"start":{"line":8,"column":30},"end":{"line":10,"column":2}},"3":{"start":{"line":9,"column":2},"end":{"line":9,"column":49}},"4":{"start":{"line":9,"column":32},"end":{"line":9,"column":47}},"5":{"start":{"line":11,"column":30},"end":{"line":13,"column":2}},"6":{"start":{"line":12,"column":2},"end":{"line":12,"column":49}},"7":{"start":{"line":12,"column":32},"end":{"line":12,"column":47}},"8":{"start":{"line":15,"column":1},"end":{"line":32,"column":3}}},"fnMap":{"0":{"name":"Temperature","decl":{"start":{"line":5,"column":9},"end":{"line":5,"column":20}},"loc":{"start":{"line":5,"column":58},"end":{"line":33,"column":1}},"line":5},"1":{"name":"(anonymous_1)","decl":{"start":{"line":8,"column":30},"end":{"line":8,"column":31}},"loc":{"start":{"line":8,"column":36},"end":{"line":10,"column":2}},"line":8},"2":{"name":"(anonymous_2)","decl":{"start":{"line":9,"column":17},"end":{"line":9,"column":18}},"loc":{"start":{"line":9,"column":32},"end":{"line":9,"column":47}},"line":9},"3":{"name":"(anonymous_3)","decl":{"start":{"line":11,"column":30},"end":{"line":11,"column":31}},"loc":{"start":{"line":11,"column":36},"end":{"line":13,"column":2}},"line":11},"4":{"name":"(anonymous_4)","decl":{"start":{"line":12,"column":17},"end":{"line":12,"column":18}},"loc":{"start":{"line":12,"column":32},"end":{"line":12,"column":47}},"line":12}},"branchMap":{},"s":{"0":15,"1":15,"2":15,"3":0,"4":0,"5":15,"6":0,"7":0,"8":15},"f":{"0":15,"1":0,"2":0,"3":0,"4":0},"b":{},"_coverageSchema":"1a1c01bbd47fc00a2c39e90264f33305004495a9","hash":"855d8bac6bffaa7d042c461e32126e44f6a10faf"}
,"G:\\ApplianceManager\\appliance-manager\\src\\container\\dashboard\\index.js": {"path":"G:\\ApplianceManager\\appliance-manager\\src\\container\\dashboard\\index.js","statementMap":{"0":{"start":{"line":12,"column":15},"end":{"line":12,"column":43}},"1":{"start":{"line":13,"column":20},"end":{"line":13,"column":54}},"2":{"start":{"line":14,"column":14},"end":{"line":14,"column":42}},"3":{"start":{"line":16,"column":1},"end":{"line":23,"column":3}}},"fnMap":{"0":{"name":"Dashboard","decl":{"start":{"line":11,"column":9},"end":{"line":11,"column":18}},"loc":{"start":{"line":11,"column":21},"end":{"line":24,"column":1}},"line":11}},"branchMap":{},"s":{"0":4,"1":4,"2":4,"3":4},"f":{"0":4},"b":{},"_coverageSchema":"1a1c01bbd47fc00a2c39e90264f33305004495a9","hash":"ff089da72271b44466dad168ab5b596e982d5e99"}
,"G:\\ApplianceManager\\appliance-manager\\src\\selectors\\appliancesSelector.js": {"path":"G:\\ApplianceManager\\appliance-manager\\src\\selectors\\appliancesSelector.js","statementMap":{"0":{"start":{"line":1,"column":30},"end":{"line":5,"column":1}},"1":{"start":{"line":2,"column":1},"end":{"line":4,"column":3}},"2":{"start":{"line":3,"column":2},"end":{"line":3,"column":42}}},"fnMap":{"0":{"name":"(anonymous_0)","decl":{"start":{"line":1,"column":30},"end":{"line":1,"column":31}},"loc":{"start":{"line":1,"column":39},"end":{"line":5,"column":1}},"line":1},"1":{"name":"(anonymous_1)","decl":{"start":{"line":2,"column":34},"end":{"line":2,"column":35}},"loc":{"start":{"line":3,"column":2},"end":{"line":3,"column":42}},"line":3}},"branchMap":{},"s":{"0":1,"1":4,"2":0},"f":{"0":4,"1":0},"b":{},"_coverageSchema":"1a1c01bbd47fc00a2c39e90264f33305004495a9","hash":"13fbbdc33f4b85bb4e4b0e080ae747c09d60bb9e"}
,"G:\\ApplianceManager\\appliance-manager\\src\\selectors\\cardSelector.js": {"path":"G:\\ApplianceManager\\appliance-manager\\src\\selectors\\cardSelector.js","statementMap":{"0":{"start":{"line":1,"column":24},"end":{"line":4,"column":1}},"1":{"start":{"line":2,"column":14},"end":{"line":2,"column":75}},"2":{"start":{"line":2,"column":45},"end":{"line":2,"column":74}},"3":{"start":{"line":3,"column":1},"end":{"line":3,"column":16}}},"fnMap":{"0":{"name":"(anonymous_0)","decl":{"start":{"line":1,"column":24},"end":{"line":1,"column":25}},"loc":{"start":{"line":1,"column":33},"end":{"line":4,"column":1}},"line":1},"1":{"name":"(anonymous_1)","decl":{"start":{"line":2,"column":38},"end":{"line":2,"column":39}},"loc":{"start":{"line":2,"column":45},"end":{"line":2,"column":74}},"line":2}},"branchMap":{},"s":{"0":1,"1":4,"2":0,"3":4},"f":{"0":4,"1":0},"b":{},"_coverageSchema":"1a1c01bbd47fc00a2c39e90264f33305004495a9","hash":"88edfa2d4f87a8476f095bd5a1155549339dd12a"}
,"G:\\ApplianceManager\\appliance-manager\\src\\selectors\\defaultAppliancesIndex.js": {"path":"G:\\ApplianceManager\\appliance-manager\\src\\selectors\\defaultAppliancesIndex.js","statementMap":{"0":{"start":{"line":1,"column":35},"end":{"line":3,"column":1}},"1":{"start":{"line":2,"column":1},"end":{"line":2,"column":46}}},"fnMap":{"0":{"name":"(anonymous_0)","decl":{"start":{"line":1,"column":35},"end":{"line":1,"column":36}},"loc":{"start":{"line":1,"column":44},"end":{"line":3,"column":1}},"line":1}},"branchMap":{},"s":{"0":2,"1":6},"f":{"0":6},"b":{},"_coverageSchema":"1a1c01bbd47fc00a2c39e90264f33305004495a9","hash":"e0b37dfb93ce57335a05db78057b264b7422a876"}
,"G:\\ApplianceManager\\appliance-manager\\src\\selectors\\roomSelector.js": {"path":"G:\\ApplianceManager\\appliance-manager\\src\\selectors\\roomSelector.js","statementMap":{"0":{"start":{"line":1,"column":24},"end":{"line":3,"column":1}},"1":{"start":{"line":2,"column":1},"end":{"line":2,"column":20}}},"fnMap":{"0":{"name":"(anonymous_0)","decl":{"start":{"line":1,"column":24},"end":{"line":1,"column":25}},"loc":{"start":{"line":1,"column":33},"end":{"line":3,"column":1}},"line":1}},"branchMap":{},"s":{"0":1,"1":4},"f":{"0":4},"b":{},"_coverageSchema":"1a1c01bbd47fc00a2c39e90264f33305004495a9","hash":"26f4c9028d7576113f16e4ba872487aa928fd934"}
,"G:\\ApplianceManager\\appliance-manager\\src\\selectors\\selectedRoom.js": {"path":"G:\\ApplianceManager\\appliance-manager\\src\\selectors\\selectedRoom.js","statementMap":{"0":{"start":{"line":1,"column":24},"end":{"line":3,"column":1}},"1":{"start":{"line":2,"column":1},"end":{"line":2,"column":24}}},"fnMap":{"0":{"name":"(anonymous_0)","decl":{"start":{"line":1,"column":24},"end":{"line":1,"column":25}},"loc":{"start":{"line":1,"column":33},"end":{"line":3,"column":1}},"line":1}},"branchMap":{},"s":{"0":2,"1":6},"f":{"0":6},"b":{},"_coverageSchema":"1a1c01bbd47fc00a2c39e90264f33305004495a9","hash":"1eed32d43b4395b038d916ce5a5bb69b1eaae107"}
,"G:\\ApplianceManager\\appliance-manager\\src\\services\\restApi.js": {"path":"G:\\ApplianceManager\\appliance-manager\\src\\services\\restApi.js","statementMap":{"0":{"start":{"line":3,"column":1},"end":{"line":3,"column":12}},"1":{"start":{"line":5,"column":13},"end":{"line":5,"column":19}},"2":{"start":{"line":6,"column":12},"end":{"line":6,"column":17}},"3":{"start":{"line":7,"column":15},"end":{"line":7,"column":23}},"4":{"start":{"line":10,"column":1},"end":{"line":12,"column":22}},"5":{"start":{"line":14,"column":18},"end":{"line":19,"column":1}},"6":{"start":{"line":15,"column":1},"end":{"line":18,"column":51}},"7":{"start":{"line":18,"column":16},"end":{"line":18,"column":49}},"8":{"start":{"line":18,"column":42},"end":{"line":18,"column":48}},"9":{"start":{"line":21,"column":29},"end":{"line":24,"column":3}},"10":{"start":{"line":22,"column":1},"end":{"line":24,"column":3}},"11":{"start":{"line":26,"column":24},"end":{"line":30,"column":1}},"12":{"start":{"line":27,"column":1},"end":{"line":29,"column":4}},"13":{"start":{"line":32,"column":29},"end":{"line":38,"column":3}},"14":{"start":{"line":33,"column":1},"end":{"line":38,"column":3}},"15":{"start":{"line":37,"column":2},"end":{"line":37,"column":16}},"16":{"start":{"line":40,"column":32},"end":{"line":46,"column":3}},"17":{"start":{"line":41,"column":1},"end":{"line":46,"column":3}},"18":{"start":{"line":45,"column":2},"end":{"line":45,"column":16}}},"fnMap":{"0":{"name":"(anonymous_0)","decl":{"start":{"line":14,"column":18},"end":{"line":14,"column":19}},"loc":{"start":{"line":14,"column":36},"end":{"line":19,"column":1}},"line":14},"1":{"name":"(anonymous_1)","decl":{"start":{"line":18,"column":9},"end":{"line":18,"column":10}},"loc":{"start":{"line":18,"column":16},"end":{"line":18,"column":49}},"line":18},"2":{"name":"(anonymous_2)","decl":{"start":{"line":18,"column":32},"end":{"line":18,"column":33}},"loc":{"start":{"line":18,"column":42},"end":{"line":18,"column":48}},"line":18},"3":{"name":"(anonymous_3)","decl":{"start":{"line":21,"column":29},"end":{"line":21,"column":30}},"loc":{"start":{"line":22,"column":1},"end":{"line":24,"column":3}},"line":22},"4":{"name":"(anonymous_4)","decl":{"start":{"line":26,"column":24},"end":{"line":26,"column":25}},"loc":{"start":{"line":26,"column":30},"end":{"line":30,"column":1}},"line":26},"5":{"name":"(anonymous_5)","decl":{"start":{"line":32,"column":29},"end":{"line":32,"column":30}},"loc":{"start":{"line":33,"column":1},"end":{"line":38,"column":3}},"line":33},"6":{"name":"(anonymous_6)","decl":{"start":{"line":36,"column":9},"end":{"line":36,"column":10}},"loc":{"start":{"line":36,"column":19},"end":{"line":38,"column":2}},"line":36},"7":{"name":"(anonymous_7)","decl":{"start":{"line":40,"column":32},"end":{"line":40,"column":33}},"loc":{"start":{"line":41,"column":1},"end":{"line":46,"column":3}},"line":41},"8":{"name":"(anonymous_8)","decl":{"start":{"line":44,"column":9},"end":{"line":44,"column":10}},"loc":{"start":{"line":44,"column":19},"end":{"line":46,"column":2}},"line":44}},"branchMap":{"0":{"loc":{"start":{"line":10,"column":1},"end":{"line":12,"column":22}},"type":"cond-expr","locations":[{"start":{"line":11,"column":4},"end":{"line":11,"column":27}},{"start":{"line":12,"column":4},"end":{"line":12,"column":22}}],"line":10},"1":{"loc":{"start":{"line":10,"column":1},"end":{"line":10,"column":45}},"type":"binary-expr","locations":[{"start":{"line":10,"column":1},"end":{"line":10,"column":15}},{"start":{"line":10,"column":19},"end":{"line":10,"column":45}}],"line":10}},"s":{"0":8,"1":8,"2":8,"3":8,"4":8,"5":8,"6":0,"7":0,"8":0,"9":8,"10":0,"11":8,"12":0,"13":8,"14":0,"15":0,"16":8,"17":0,"18":0},"f":{"0":0,"1":0,"2":0,"3":0,"4":0,"5":0,"6":0,"7":0,"8":0},"b":{"0":[0,8],"1":[8,0]},"_coverageSchema":"1a1c01bbd47fc00a2c39e90264f33305004495a9","hash":"166c1ec656e5b198f15e774d643d2676c1fab049"}
,"G:\\ApplianceManager\\appliance-manager\\src\\store\\default-state.js": {"path":"G:\\ApplianceManager\\appliance-manager\\src\\store\\default-state.js","statementMap":{},"fnMap":{},"branchMap":{},"s":{},"f":{},"b":{},"_coverageSchema":"1a1c01bbd47fc00a2c39e90264f33305004495a9","hash":"5627973c693015908c3de8d9a7e57a944f54d2b1"}
,"G:\\ApplianceManager\\appliance-manager\\src\\store\\index.js": {"path":"G:\\ApplianceManager\\appliance-manager\\src\\store\\index.js","statementMap":{"0":{"start":{"line":4,"column":14},"end":{"line":11,"column":2}},"1":{"start":{"line":7,"column":2},"end":{"line":10,"column":4}}},"fnMap":{"0":{"name":"(anonymous_0)","decl":{"start":{"line":6,"column":13},"end":{"line":6,"column":14}},"loc":{"start":{"line":7,"column":2},"end":{"line":10,"column":4}},"line":7}},"branchMap":{},"s":{"0":8,"1":8},"f":{"0":8},"b":{},"_coverageSchema":"1a1c01bbd47fc00a2c39e90264f33305004495a9","hash":"2fe3316f216ceab53030bc3205c2b337eba8da02"}
,"G:\\ApplianceManager\\appliance-manager\\src\\store\\action-types\\appliances.js": {"path":"G:\\ApplianceManager\\appliance-manager\\src\\store\\action-types\\appliances.js","statementMap":{"0":{"start":{"line":1,"column":30},"end":{"line":1,"column":46}},"1":{"start":{"line":2,"column":25},"end":{"line":2,"column":36}},"2":{"start":{"line":3,"column":33},"end":{"line":3,"column":52}},"3":{"start":{"line":4,"column":27},"end":{"line":4,"column":40}},"4":{"start":{"line":5,"column":31},"end":{"line":5,"column":48}},"5":{"start":{"line":6,"column":30},"end":{"line":6,"column":46}},"6":{"start":{"line":7,"column":33},"end":{"line":7,"column":52}}},"fnMap":{},"branchMap":{},"s":{"0":8,"1":8,"2":8,"3":8,"4":8,"5":8,"6":8},"f":{},"b":{},"_coverageSchema":"1a1c01bbd47fc00a2c39e90264f33305004495a9","hash":"fb2a4c3579b5631efda6fc55bdaf43a7ae84037f"}
,"G:\\ApplianceManager\\appliance-manager\\src\\store\\action-types\\index.js": {"path":"G:\\ApplianceManager\\appliance-manager\\src\\store\\action-types\\index.js","statementMap":{},"fnMap":{},"branchMap":{},"s":{},"f":{},"b":{},"_coverageSchema":"1a1c01bbd47fc00a2c39e90264f33305004495a9","hash":"b4dabc8d509050437492423b3c4db3ed87172311"}
,"G:\\ApplianceManager\\appliance-manager\\src\\store\\actions\\appliancesActions.js": {"path":"G:\\ApplianceManager\\appliance-manager\\src\\store\\actions\\appliancesActions.js","statementMap":{"0":{"start":{"line":18,"column":35},"end":{"line":24,"column":1}},"1":{"start":{"line":21,"column":19},"end":{"line":21,"column":40}},"2":{"start":{"line":22,"column":2},"end":{"line":22,"column":18}},"3":{"start":{"line":26,"column":30},"end":{"line":29,"column":2}},"4":{"start":{"line":27,"column":18},"end":{"line":27,"column":34}},"5":{"start":{"line":28,"column":1},"end":{"line":28,"column":17}},"6":{"start":{"line":31,"column":38},"end":{"line":37,"column":1}},"7":{"start":{"line":34,"column":19},"end":{"line":34,"column":26}},"8":{"start":{"line":35,"column":2},"end":{"line":35,"column":18}},"9":{"start":{"line":39,"column":33},"end":{"line":45,"column":1}},"10":{"start":{"line":42,"column":19},"end":{"line":42,"column":26}},"11":{"start":{"line":43,"column":2},"end":{"line":43,"column":18}},"12":{"start":{"line":47,"column":36},"end":{"line":53,"column":1}},"13":{"start":{"line":50,"column":19},"end":{"line":50,"column":26}},"14":{"start":{"line":51,"column":2},"end":{"line":51,"column":18}},"15":{"start":{"line":55,"column":35},"end":{"line":61,"column":1}},"16":{"start":{"line":58,"column":19},"end":{"line":58,"column":47}},"17":{"start":{"line":59,"column":2},"end":{"line":59,"column":18}},"18":{"start":{"line":63,"column":38},"end":{"line":69,"column":1}},"19":{"start":{"line":66,"column":19},"end":{"line":66,"column":50}},"20":{"start":{"line":67,"column":2},"end":{"line":67,"column":18}}},"fnMap":{"0":{"name":"(anonymous_0)","decl":{"start":{"line":20,"column":1},"end":{"line":20,"column":2}},"loc":{"start":{"line":20,"column":19},"end":{"line":23,"column":2}},"line":20},"1":{"name":"(anonymous_1)","decl":{"start":{"line":26,"column":58},"end":{"line":26,"column":59}},"loc":{"start":{"line":26,"column":76},"end":{"line":29,"column":1}},"line":26},"2":{"name":"(anonymous_2)","decl":{"start":{"line":33,"column":1},"end":{"line":33,"column":2}},"loc":{"start":{"line":33,"column":24},"end":{"line":36,"column":2}},"line":33},"3":{"name":"(anonymous_3)","decl":{"start":{"line":41,"column":1},"end":{"line":41,"column":2}},"loc":{"start":{"line":41,"column":24},"end":{"line":44,"column":2}},"line":41},"4":{"name":"(anonymous_4)","decl":{"start":{"line":49,"column":1},"end":{"line":49,"column":2}},"loc":{"start":{"line":49,"column":24},"end":{"line":52,"column":2}},"line":49},"5":{"name":"(anonymous_5)","decl":{"start":{"line":57,"column":1},"end":{"line":57,"column":2}},"loc":{"start":{"line":57,"column":30},"end":{"line":60,"column":2}},"line":57},"6":{"name":"(anonymous_6)","decl":{"start":{"line":65,"column":1},"end":{"line":65,"column":2}},"loc":{"start":{"line":65,"column":30},"end":{"line":68,"column":2}},"line":65}},"branchMap":{},"s":{"0":8,"1":0,"2":0,"3":8,"4":0,"5":0,"6":8,"7":0,"8":0,"9":8,"10":0,"11":0,"12":8,"13":0,"14":0,"15":8,"16":0,"17":0,"18":8,"19":0,"20":0},"f":{"0":0,"1":0,"2":0,"3":0,"4":0,"5":0,"6":0},"b":{},"_coverageSchema":"1a1c01bbd47fc00a2c39e90264f33305004495a9","hash":"6151d7ec67245c5769b6c2e74e8337af816d4e23"}
,"G:\\ApplianceManager\\appliance-manager\\src\\store\\actions\\index.js": {"path":"G:\\ApplianceManager\\appliance-manager\\src\\store\\actions\\index.js","statementMap":{},"fnMap":{},"branchMap":{},"s":{},"f":{},"b":{},"_coverageSchema":"1a1c01bbd47fc00a2c39e90264f33305004495a9","hash":"22160f439b24492f6100a0079ff915fd395711c6"}
,"G:\\ApplianceManager\\appliance-manager\\src\\store\\reducers\\appliancesReducer.js": {"path":"G:\\ApplianceManager\\appliance-manager\\src\\store\\reducers\\appliancesReducer.js","statementMap":{"0":{"start":{"line":10,"column":52},"end":{"line":15,"column":1}},"1":{"start":{"line":11,"column":1},"end":{"line":14,"column":3}},"2":{"start":{"line":16,"column":47},"end":{"line":26,"column":1}},"3":{"start":{"line":17,"column":1},"end":{"line":25,"column":3}},"4":{"start":{"line":28,"column":55},"end":{"line":34,"column":1}},"5":{"start":{"line":29,"column":1},"end":{"line":33,"column":3}},"6":{"start":{"line":36,"column":50},"end":{"line":44,"column":1}},"7":{"start":{"line":37,"column":1},"end":{"line":43,"column":3}},"8":{"start":{"line":46,"column":53},"end":{"line":51,"column":1}},"9":{"start":{"line":47,"column":1},"end":{"line":50,"column":3}},"10":{"start":{"line":53,"column":52},"end":{"line":67,"column":1}},"11":{"start":{"line":54,"column":1},"end":{"line":66,"column":3}},"12":{"start":{"line":69,"column":55},"end":{"line":73,"column":1}},"13":{"start":{"line":70,"column":1},"end":{"line":72,"column":3}}},"fnMap":{"0":{"name":"(anonymous_0)","decl":{"start":{"line":10,"column":52},"end":{"line":10,"column":53}},"loc":{"start":{"line":10,"column":71},"end":{"line":15,"column":1}},"line":10},"1":{"name":"(anonymous_1)","decl":{"start":{"line":16,"column":47},"end":{"line":16,"column":48}},"loc":{"start":{"line":16,"column":66},"end":{"line":26,"column":1}},"line":16},"2":{"name":"(anonymous_2)","decl":{"start":{"line":28,"column":55},"end":{"line":28,"column":56}},"loc":{"start":{"line":28,"column":74},"end":{"line":34,"column":1}},"line":28},"3":{"name":"(anonymous_3)","decl":{"start":{"line":36,"column":50},"end":{"line":36,"column":51}},"loc":{"start":{"line":36,"column":69},"end":{"line":44,"column":1}},"line":36},"4":{"name":"(anonymous_4)","decl":{"start":{"line":46,"column":53},"end":{"line":46,"column":54}},"loc":{"start":{"line":46,"column":72},"end":{"line":51,"column":1}},"line":46},"5":{"name":"(anonymous_5)","decl":{"start":{"line":53,"column":52},"end":{"line":53,"column":53}},"loc":{"start":{"line":53,"column":71},"end":{"line":67,"column":1}},"line":53},"6":{"name":"(anonymous_6)","decl":{"start":{"line":69,"column":55},"end":{"line":69,"column":56}},"loc":{"start":{"line":69,"column":74},"end":{"line":73,"column":1}},"line":69}},"branchMap":{},"s":{"0":8,"1":0,"2":8,"3":0,"4":8,"5":0,"6":8,"7":0,"8":8,"9":0,"10":8,"11":0,"12":8,"13":0},"f":{"0":0,"1":0,"2":0,"3":0,"4":0,"5":0,"6":0},"b":{},"_coverageSchema":"1a1c01bbd47fc00a2c39e90264f33305004495a9","hash":"4777c3b017df7387f8cd8159e9f237986d6f8e76"}
,"G:\\ApplianceManager\\appliance-manager\\src\\store\\reducers\\index.js": {"path":"G:\\ApplianceManager\\appliance-manager\\src\\store\\reducers\\index.js","statementMap":{"0":{"start":{"line":22,"column":19},"end":{"line":30,"column":1}},"1":{"start":{"line":32,"column":26},"end":{"line":33,"column":40}},"2":{"start":{"line":33,"column":1},"end":{"line":33,"column":40}},"3":{"start":{"line":35,"column":27},"end":{"line":35,"column":66}}},"fnMap":{"0":{"name":"(anonymous_0)","decl":{"start":{"line":32,"column":26},"end":{"line":32,"column":27}},"loc":{"start":{"line":33,"column":1},"end":{"line":33,"column":40}},"line":33}},"branchMap":{},"s":{"0":8,"1":8,"2":0,"3":8},"f":{"0":0},"b":{},"_coverageSchema":"1a1c01bbd47fc00a2c39e90264f33305004495a9","hash":"a482f7c92a6de14c9f6cff130ea9d405c3611761"}
,"G:\\ApplianceManager\\appliance-manager\\src\\store\\reducers\\utils.js": {"path":"G:\\ApplianceManager\\appliance-manager\\src\\store\\reducers\\utils.js","statementMap":{"0":{"start":{"line":3,"column":27},"end":{"line":5,"column":1}},"1":{"start":{"line":4,"column":1},"end":{"line":4,"column":38}},"2":{"start":{"line":4,"column":28},"end":{"line":4,"column":36}},"3":{"start":{"line":7,"column":32},"end":{"line":18,"column":1}},"4":{"start":{"line":8,"column":29},"end":{"line":8,"column":50}},"5":{"start":{"line":9,"column":17},"end":{"line":9,"column":71}},"6":{"start":{"line":9,"column":52},"end":{"line":9,"column":70}},"7":{"start":{"line":10,"column":13},"end":{"line":10,"column":68}},"8":{"start":{"line":10,"column":47},"end":{"line":10,"column":67}},"9":{"start":{"line":11,"column":18},"end":{"line":11,"column":37}},"10":{"start":{"line":12,"column":1},"end":{"line":12,"column":35}},"11":{"start":{"line":13,"column":1},"end":{"line":15,"column":3}},"12":{"start":{"line":14,"column":2},"end":{"line":14,"column":69}},"13":{"start":{"line":16,"column":1},"end":{"line":16,"column":39}},"14":{"start":{"line":17,"column":1},"end":{"line":17,"column":28}},"15":{"start":{"line":20,"column":32},"end":{"line":38,"column":1}},"16":{"start":{"line":21,"column":29},"end":{"line":21,"column":50}},"17":{"start":{"line":22,"column":14},"end":{"line":35,"column":2}},"18":{"start":{"line":36,"column":1},"end":{"line":36,"column":32}},"19":{"start":{"line":37,"column":1},"end":{"line":37,"column":28}},"20":{"start":{"line":40,"column":35},"end":{"line":46,"column":1}},"21":{"start":{"line":41,"column":24},"end":{"line":41,"column":40}},"22":{"start":{"line":42,"column":1},"end":{"line":44,"column":33}},"23":{"start":{"line":43,"column":17},"end":{"line":43,"column":40}},"24":{"start":{"line":45,"column":1},"end":{"line":45,"column":23}},"25":{"start":{"line":47,"column":34},"end":{"line":51,"column":1}},"26":{"start":{"line":48,"column":24},"end":{"line":48,"column":50}},"27":{"start":{"line":49,"column":1},"end":{"line":49,"column":33}},"28":{"start":{"line":50,"column":1},"end":{"line":50,"column":23}}},"fnMap":{"0":{"name":"(anonymous_0)","decl":{"start":{"line":3,"column":27},"end":{"line":3,"column":28}},"loc":{"start":{"line":3,"column":36},"end":{"line":5,"column":1}},"line":3},"1":{"name":"(anonymous_1)","decl":{"start":{"line":4,"column":21},"end":{"line":4,"column":22}},"loc":{"start":{"line":4,"column":28},"end":{"line":4,"column":36}},"line":4},"2":{"name":"(anonymous_2)","decl":{"start":{"line":7,"column":32},"end":{"line":7,"column":33}},"loc":{"start":{"line":7,"column":56},"end":{"line":18,"column":1}},"line":7},"3":{"name":"(anonymous_3)","decl":{"start":{"line":9,"column":47},"end":{"line":9,"column":48}},"loc":{"start":{"line":9,"column":52},"end":{"line":9,"column":70}},"line":9},"4":{"name":"(anonymous_4)","decl":{"start":{"line":10,"column":40},"end":{"line":10,"column":41}},"loc":{"start":{"line":10,"column":47},"end":{"line":10,"column":67}},"line":10},"5":{"name":"(anonymous_5)","decl":{"start":{"line":13,"column":23},"end":{"line":13,"column":24}},"loc":{"start":{"line":14,"column":2},"end":{"line":14,"column":69}},"line":14},"6":{"name":"(anonymous_6)","decl":{"start":{"line":20,"column":32},"end":{"line":20,"column":33}},"loc":{"start":{"line":20,"column":57},"end":{"line":38,"column":1}},"line":20},"7":{"name":"(anonymous_7)","decl":{"start":{"line":40,"column":35},"end":{"line":40,"column":36}},"loc":{"start":{"line":40,"column":69},"end":{"line":46,"column":1}},"line":40},"8":{"name":"(anonymous_8)","decl":{"start":{"line":43,"column":10},"end":{"line":43,"column":11}},"loc":{"start":{"line":43,"column":17},"end":{"line":43,"column":40}},"line":43},"9":{"name":"(anonymous_9)","decl":{"start":{"line":47,"column":34},"end":{"line":47,"column":35}},"loc":{"start":{"line":47,"column":64},"end":{"line":51,"column":1}},"line":47}},"branchMap":{"0":{"loc":{"start":{"line":14,"column":2},"end":{"line":14,"column":69}},"type":"cond-expr","locations":[{"start":{"line":14,"column":33},"end":{"line":14,"column":61}},{"start":{"line":14,"column":65},"end":{"line":14,"column":69}}],"line":14}},"s":{"0":8,"1":0,"2":0,"3":8,"4":0,"5":0,"6":0,"7":0,"8":0,"9":0,"10":0,"11":0,"12":0,"13":0,"14":0,"15":8,"16":0,"17":0,"18":0,"19":0,"20":8,"21":0,"22":0,"23":0,"24":0,"25":8,"26":0,"27":0,"28":0},"f":{"0":0,"1":0,"2":0,"3":0,"4":0,"5":0,"6":0,"7":0,"8":0,"9":0},"b":{"0":[0,0]},"_coverageSchema":"1a1c01bbd47fc00a2c39e90264f33305004495a9","hash":"885b8bdb2e04d90ae5504ba28848e27eea4e2f38"}
}
