TN:
SF:src\App.js
FN:8,(anonymous_0)
FN:10,(anonymous_1)
FN:13,(anonymous_2)
FNF:3
FNH:0
FNDA:0,(anonymous_0)
FNDA:0,(anonymous_1)
FNDA:0,(anonymous_2)
DA:8,0
DA:9,0
DA:10,0
DA:11,0
DA:13,0
DA:14,0
DA:16,0
LF:7
LH:0
BRF:0
BRH:0
end_of_record
TN:
SF:src\index.js
FNF:0
FNH:0
DA:10,0
DA:11,0
DA:19,0
LF:3
LH:0
BRF:0
BRH:0
end_of_record
TN:
SF:src\reportWebVitals.js
FN:1,(anonymous_0)
FN:3,(anonymous_1)
FNF:2
FNH:0
FNDA:0,(anonymous_0)
FNDA:0,(anonymous_1)
DA:1,0
DA:2,0
DA:3,0
DA:4,0
DA:5,0
DA:6,0
DA:7,0
DA:8,0
LF:8
LH:0
BRDA:2,0,0,0
BRDA:2,0,1,0
BRDA:2,1,0,0
BRDA:2,1,1,0
BRF:4
BRH:0
end_of_record
TN:
SF:src\setupTests.js
FNF:0
FNH:0
LF:0
LH:0
BRF:0
BRH:0
end_of_record
TN:
SF:src\components\appliances\index.js
FN:12,Appliances
FN:16,(anonymous_1)
FN:20,(anonymous_2)
FN:24,(anonymous_3)
FN:32,(anonymous_4)
FN:39,(anonymous_5)
FNF:6
FNH:3
FNDA:6,Appliances
FNDA:6,(anonymous_1)
FNDA:0,(anonymous_2)
FNDA:0,(anonymous_3)
FNDA:2,(anonymous_4)
FNDA:0,(anonymous_5)
DA:13,6
DA:14,6
DA:15,6
DA:16,6
DA:17,6
DA:19,6
DA:20,6
DA:21,0
DA:22,0
DA:24,6
DA:25,0
DA:28,0
DA:30,6
DA:33,2
DA:39,0
LF:15
LH:10
BRDA:35,0,0,2
BRDA:35,0,1,0
BRF:2
BRH:1
end_of_record
TN:
SF:src\components\card\index.js
FN:10,Card
FN:14,(anonymous_1)
FN:17,(anonymous_2)
FN:18,(anonymous_3)
FN:20,(anonymous_4)
FN:62,(anonymous_5)
FNF:6
FNH:2
FNDA:12,Card
FNDA:0,(anonymous_1)
FNDA:0,(anonymous_2)
FNDA:0,(anonymous_3)
FNDA:0,(anonymous_4)
FNDA:24,(anonymous_5)
DA:11,12
DA:12,12
DA:13,12
DA:14,12
DA:15,0
DA:17,12
DA:18,0
DA:20,12
DA:21,0
DA:23,12
DA:63,24
LF:11
LH:8
BRDA:48,0,0,0
BRDA:48,0,1,12
BRF:2
BRH:1
end_of_record
TN:
SF:src\components\checkbox\index.js
FN:3,Checkbox
FN:5,(anonymous_1)
FN:6,(anonymous_2)
FNF:3
FNH:1
FNDA:13,Checkbox
FNDA:0,(anonymous_1)
FNDA:0,(anonymous_2)
DA:4,13
DA:5,13
DA:6,0
DA:8,13
LF:4
LH:3
BRDA:16,0,0,12
BRDA:16,0,1,1
BRF:2
BRH:2
end_of_record
TN:
SF:src\components\form\index.js
FN:8,Form
FN:17,(anonymous_1)
FN:26,(anonymous_2)
FN:35,(anonymous_3)
FN:92,(anonymous_4)
FNF:5
FNH:4
FNDA:12,Form
FNDA:0,(anonymous_1)
FNDA:36,(anonymous_2)
FNDA:24,(anonymous_3)
FNDA:36,(anonymous_4)
DA:9,12
DA:10,12
DA:16,12
DA:17,12
DA:18,0
DA:22,0
DA:23,0
DA:26,12
DA:27,36
DA:28,12
DA:36,24
DA:46,24
DA:47,12
DA:61,12
DA:62,12
DA:79,12
DA:93,36
LF:17
LH:14
BRDA:27,0,0,12
BRDA:27,0,1,24
BRDA:46,1,0,12
BRDA:46,1,1,12
BRDA:61,2,0,12
BRDA:61,2,1,0
BRDA:82,3,0,12
BRDA:82,3,1,12
BRF:8
BRH:7
end_of_record
TN:
SF:src\components\navbar\index.js
FN:3,Navbar
FNF:1
FNH:1
FNDA:6,Navbar
DA:4,6
LF:1
LH:1
BRF:0
BRH:0
end_of_record
TN:
SF:src\components\rooms\index.js
FN:6,Rooms
FN:11,(anonymous_1)
FN:18,(anonymous_2)
FN:27,(anonymous_3)
FNF:4
FNH:2
FNDA:9,Rooms
FNDA:0,(anonymous_1)
FNDA:20,(anonymous_2)
FNDA:0,(anonymous_3)
DA:7,9
DA:10,9
DA:11,9
DA:12,0
DA:13,0
DA:15,9
DA:19,20
DA:27,0
LF:8
LH:5
BRDA:23,0,0,0
BRDA:23,0,1,20
BRF:2
BRH:1
end_of_record
TN:
SF:src\components\temperature\index.js
FN:5,Temperature
FN:8,(anonymous_1)
FN:9,(anonymous_2)
FN:11,(anonymous_3)
FN:12,(anonymous_4)
FNF:5
FNH:1
FNDA:15,Temperature
FNDA:0,(anonymous_1)
FNDA:0,(anonymous_2)
FNDA:0,(anonymous_3)
FNDA:0,(anonymous_4)
DA:6,15
DA:7,15
DA:8,15
DA:9,0
DA:11,15
DA:12,0
DA:15,15
LF:7
LH:5
BRF:0
BRH:0
end_of_record
TN:
SF:src\container\dashboard\index.js
FN:11,Dashboard
FNF:1
FNH:1
FNDA:4,Dashboard
DA:12,4
DA:13,4
DA:14,4
DA:16,4
LF:4
LH:4
BRF:0
BRH:0
end_of_record
TN:
SF:src\selectors\appliancesSelector.js
FN:1,(anonymous_0)
FN:2,(anonymous_1)
FNF:2
FNH:1
FNDA:4,(anonymous_0)
FNDA:0,(anonymous_1)
DA:1,1
DA:2,4
DA:3,0
LF:3
LH:2
BRF:0
BRH:0
end_of_record
TN:
SF:src\selectors\cardSelector.js
FN:1,(anonymous_0)
FN:2,(anonymous_1)
FNF:2
FNH:1
FNDA:4,(anonymous_0)
FNDA:0,(anonymous_1)
DA:1,1
DA:2,4
DA:3,4
LF:3
LH:3
BRF:0
BRH:0
end_of_record
TN:
SF:src\selectors\defaultAppliancesIndex.js
FN:1,(anonymous_0)
FNF:1
FNH:1
FNDA:6,(anonymous_0)
DA:1,2
DA:2,6
LF:2
LH:2
BRF:0
BRH:0
end_of_record
TN:
SF:src\selectors\roomSelector.js
FN:1,(anonymous_0)
FNF:1
FNH:1
FNDA:4,(anonymous_0)
DA:1,1
DA:2,4
LF:2
LH:2
BRF:0
BRH:0
end_of_record
TN:
SF:src\selectors\selectedRoom.js
FN:1,(anonymous_0)
FNF:1
FNH:1
FNDA:6,(anonymous_0)
DA:1,2
DA:2,6
LF:2
LH:2
BRF:0
BRH:0
end_of_record
TN:
SF:src\services\restApi.js
FN:14,(anonymous_0)
FN:18,(anonymous_1)
FN:18,(anonymous_2)
FN:21,(anonymous_3)
FN:26,(anonymous_4)
FN:32,(anonymous_5)
FN:36,(anonymous_6)
FN:40,(anonymous_7)
FN:44,(anonymous_8)
FNF:9
FNH:0
FNDA:0,(anonymous_0)
FNDA:0,(anonymous_1)
FNDA:0,(anonymous_2)
FNDA:0,(anonymous_3)
FNDA:0,(anonymous_4)
FNDA:0,(anonymous_5)
FNDA:0,(anonymous_6)
FNDA:0,(anonymous_7)
FNDA:0,(anonymous_8)
DA:3,8
DA:5,8
DA:6,8
DA:7,8
DA:10,8
DA:14,8
DA:15,0
DA:18,0
DA:21,8
DA:22,0
DA:26,8
DA:27,0
DA:32,8
DA:33,0
DA:37,0
DA:40,8
DA:41,0
DA:45,0
LF:18
LH:10
BRDA:10,0,0,0
BRDA:10,0,1,8
BRDA:10,1,0,8
BRDA:10,1,1,0
BRF:4
BRH:2
end_of_record
TN:
SF:src\store\default-state.js
FNF:0
FNH:0
LF:0
LH:0
BRF:0
BRH:0
end_of_record
TN:
SF:src\store\index.js
FN:6,(anonymous_0)
FNF:1
FNH:1
FNDA:8,(anonymous_0)
DA:4,8
DA:7,8
LF:2
LH:2
BRF:0
BRH:0
end_of_record
TN:
SF:src\store\action-types\appliances.js
FNF:0
FNH:0
DA:1,8
DA:2,8
DA:3,8
DA:4,8
DA:5,8
DA:6,8
DA:7,8
LF:7
LH:7
BRF:0
BRH:0
end_of_record
TN:
SF:src\store\action-types\index.js
FNF:0
FNH:0
LF:0
LH:0
BRF:0
BRH:0
end_of_record
TN:
SF:src\store\actions\appliancesActions.js
FN:20,(anonymous_0)
FN:26,(anonymous_1)
FN:33,(anonymous_2)
FN:41,(anonymous_3)
FN:49,(anonymous_4)
FN:57,(anonymous_5)
FN:65,(anonymous_6)
FNF:7
FNH:0
FNDA:0,(anonymous_0)
FNDA:0,(anonymous_1)
FNDA:0,(anonymous_2)
FNDA:0,(anonymous_3)
FNDA:0,(anonymous_4)
FNDA:0,(anonymous_5)
FNDA:0,(anonymous_6)
DA:18,8
DA:21,0
DA:22,0
DA:26,8
DA:27,0
DA:28,0
DA:31,8
DA:34,0
DA:35,0
DA:39,8
DA:42,0
DA:43,0
DA:47,8
DA:50,0
DA:51,0
DA:55,8
DA:58,0
DA:59,0
DA:63,8
DA:66,0
DA:67,0
LF:21
LH:7
BRF:0
BRH:0
end_of_record
TN:
SF:src\store\actions\index.js
FNF:0
FNH:0
LF:0
LH:0
BRF:0
BRH:0
end_of_record
TN:
SF:src\store\reducers\appliancesReducer.js
FN:10,(anonymous_0)
FN:16,(anonymous_1)
FN:28,(anonymous_2)
FN:36,(anonymous_3)
FN:46,(anonymous_4)
FN:53,(anonymous_5)
FN:69,(anonymous_6)
FNF:7
FNH:0
FNDA:0,(anonymous_0)
FNDA:0,(anonymous_1)
FNDA:0,(anonymous_2)
FNDA:0,(anonymous_3)
FNDA:0,(anonymous_4)
FNDA:0,(anonymous_5)
FNDA:0,(anonymous_6)
DA:10,8
DA:11,0
DA:16,8
DA:17,0
DA:28,8
DA:29,0
DA:36,8
DA:37,0
DA:46,8
DA:47,0
DA:53,8
DA:54,0
DA:69,8
DA:70,0
LF:14
LH:7
BRF:0
BRH:0
end_of_record
TN:
SF:src\store\reducers\index.js
FN:32,(anonymous_0)
FNF:1
FNH:0
FNDA:0,(anonymous_0)
DA:22,8
DA:32,8
DA:33,0
DA:35,8
LF:4
LH:3
BRF:0
BRH:0
end_of_record
TN:
SF:src\store\reducers\utils.js
FN:3,(anonymous_0)
FN:4,(anonymous_1)
FN:7,(anonymous_2)
FN:9,(anonymous_3)
FN:10,(anonymous_4)
FN:13,(anonymous_5)
FN:20,(anonymous_6)
FN:40,(anonymous_7)
FN:43,(anonymous_8)
FN:47,(anonymous_9)
FNF:10
FNH:0
FNDA:0,(anonymous_0)
FNDA:0,(anonymous_1)
FNDA:0,(anonymous_2)
FNDA:0,(anonymous_3)
FNDA:0,(anonymous_4)
FNDA:0,(anonymous_5)
FNDA:0,(anonymous_6)
FNDA:0,(anonymous_7)
FNDA:0,(anonymous_8)
FNDA:0,(anonymous_9)
DA:3,8
DA:4,0
DA:7,8
DA:8,0
DA:9,0
DA:10,0
DA:11,0
DA:12,0
DA:13,0
DA:14,0
DA:16,0
DA:17,0
DA:20,8
DA:21,0
DA:22,0
DA:36,0
DA:37,0
DA:40,8
DA:41,0
DA:42,0
DA:43,0
DA:45,0
DA:47,8
DA:48,0
DA:49,0
DA:50,0
LF:26
LH:5
BRDA:14,0,0,0
BRDA:14,0,1,0
BRF:2
BRH:0
end_of_record
